[0m09:16:46.192814 [debug] [MainThread]: Sending event: {'category': 'dbt', 'action': 'invocation', 'label': 'start', 'context': [<snowplow_tracker.self_describing_json.SelfDescribingJson object at 0x706f204ca960>, <snowplow_tracker.self_describing_json.SelfDescribingJson object at 0x706f20b6fbf0>, <snowplow_tracker.self_describing_json.SelfDescribingJson object at 0x706f204cbbc0>]}


============================== 09:16:46.203363 | 7050ec13-0ba8-45f9-b931-350e26031373 ==============================
[0m09:16:46.203363 [info ] [MainThread]: Running with dbt=1.9.0
[0m09:16:46.204685 [debug] [MainThread]: running dbt with arguments {'printer_width': '80', 'indirect_selection': 'eager', 'log_cache_events': 'False', 'write_json': 'True', 'partial_parse': 'True', 'cache_selected_only': 'False', 'warn_error': 'None', 'debug': 'False', 'version_check': 'True', 'log_path': 'logs', 'profiles_dir': '/root/.dbt', 'fail_fast': 'False', 'use_colors': 'True', 'use_experimental_parser': 'False', 'no_print': 'None', 'quiet': 'False', 'empty': 'None', 'log_format': 'default', 'static_parser': 'True', 'introspect': 'True', 'warn_error_options': 'WarnErrorOptions(include=[], exclude=[])', 'target_path': 'None', 'invocation_command': 'dbt init my_project', 'send_anonymous_usage_stats': 'True'}
[0m09:16:46.267928 [warn ] [MainThread]: [ConfigFolderDirectory]: Unable to parse logging event dictionary. Failed to parse dir field: expected string or bytes-like object, got 'PosixPath'.. Dictionary: {'dir': PosixPath('/root/.dbt')}
[0m09:16:46.269873 [info ] [MainThread]: Creating dbt configuration folder at 
[0m09:16:46.274561 [debug] [MainThread]: Starter project path: /usr/local/lib/python3.12/site-packages/dbt/include/starter_project
[0m09:16:46.427587 [info ] [MainThread]: 
Your new dbt project "my_project" was created!

For more information on how to configure the profiles.yml file,
please consult the dbt documentation here:

  https://docs.getdbt.com/docs/configure-your-profile

One more thing:

Need help? Don't hesitate to reach out to us via GitHub issues or on Slack:

  https://community.getdbt.com/

Happy modeling!

[0m09:16:46.428921 [info ] [MainThread]: Setting up your profile.
[0m09:18:40.690033 [info ] [MainThread]: Profile my_project written to /root/.dbt/profiles.yml using target's profile_template.yml and your supplied values. Run 'dbt debug' to validate the connection.
[0m09:18:40.693466 [debug] [MainThread]: Resource report: {"command_name": "init", "command_success": true, "command_wall_clock_time": 114.68586, "process_in_blocks": "120", "process_kernel_time": 0.394604, "process_mem_max_rss": "92752", "process_out_blocks": "1472", "process_user_time": 1.303848}
[0m09:18:40.694679 [debug] [MainThread]: Command `dbt init` succeeded at 09:18:40.694544 after 114.69 seconds
[0m09:18:40.695730 [debug] [MainThread]: Sending event: {'category': 'dbt', 'action': 'invocation', 'label': 'end', 'context': [<snowplow_tracker.self_describing_json.SelfDescribingJson object at 0x706f205470b0>, <snowplow_tracker.self_describing_json.SelfDescribingJson object at 0x706f20ad7a70>, <snowplow_tracker.self_describing_json.SelfDescribingJson object at 0x706f20d2d340>]}
[0m09:18:40.696847 [debug] [MainThread]: Flushing usage events
[0m09:18:41.845275 [debug] [MainThread]: An error was encountered while trying to flush usage events
[0m09:19:01.491443 [debug] [MainThread]: Sending event: {'category': 'dbt', 'action': 'invocation', 'label': 'start', 'context': [<snowplow_tracker.self_describing_json.SelfDescribingJson object at 0x7457f9629820>, <snowplow_tracker.self_describing_json.SelfDescribingJson object at 0x7457f919e840>, <snowplow_tracker.self_describing_json.SelfDescribingJson object at 0x7457f9e5a3f0>]}


============================== 09:19:01.500897 | 4a005b01-8c27-4f1c-82b1-26d0a2ce797a ==============================
[0m09:19:01.500897 [info ] [MainThread]: Running with dbt=1.9.0
[0m09:19:01.502215 [debug] [MainThread]: running dbt with arguments {'printer_width': '80', 'indirect_selection': 'eager', 'write_json': 'True', 'log_cache_events': 'False', 'partial_parse': 'True', 'cache_selected_only': 'False', 'profiles_dir': '/root/.dbt', 'debug': 'False', 'warn_error': 'None', 'log_path': 'logs', 'fail_fast': 'False', 'version_check': 'True', 'use_colors': 'True', 'use_experimental_parser': 'False', 'no_print': 'None', 'quiet': 'False', 'empty': 'None', 'log_format': 'default', 'static_parser': 'True', 'invocation_command': 'dbt debug', 'introspect': 'True', 'target_path': 'None', 'warn_error_options': 'WarnErrorOptions(include=[], exclude=[])', 'send_anonymous_usage_stats': 'True'}
[0m09:19:01.568896 [info ] [MainThread]: dbt version: 1.9.0
[0m09:19:01.570176 [info ] [MainThread]: python version: 3.12.4
[0m09:19:01.571429 [info ] [MainThread]: python path: /usr/local/bin/python
[0m09:19:01.572413 [info ] [MainThread]: os info: Linux-6.6.87.2-microsoft-standard-WSL2-x86_64-with-glibc2.31
[0m09:19:01.573312 [info ] [MainThread]: Using profiles dir at /root/.dbt
[0m09:19:01.574216 [info ] [MainThread]: Using profiles.yml file at /root/.dbt/profiles.yml
[0m09:19:01.575127 [info ] [MainThread]: Using dbt_project.yml file at /usr/app/dbt_project.yml
[0m09:19:01.576320 [info ] [MainThread]: Configuration:
[0m09:19:01.577287 [info ] [MainThread]:   profiles.yml file [[31mERROR not found[0m]
[0m09:19:01.578258 [info ] [MainThread]:   dbt_project.yml file [[31mERROR not found[0m]
[0m09:19:01.579221 [info ] [MainThread]: Required dependencies:
[0m09:19:01.580164 [debug] [MainThread]: Executing "git --help"
[0m09:19:01.599198 [debug] [MainThread]: STDOUT: "b"usage: git [--version] [--help] [-C <path>] [-c <name>=<value>]\n           [--exec-path[=<path>]] [--html-path] [--man-path] [--info-path]\n           [-p | --paginate | -P | --no-pager] [--no-replace-objects] [--bare]\n           [--git-dir=<path>] [--work-tree=<path>] [--namespace=<name>]\n           <command> [<args>]\n\nThese are common Git commands used in various situations:\n\nstart a working area (see also: git help tutorial)\n   clone             Clone a repository into a new directory\n   init              Create an empty Git repository or reinitialize an existing one\n\nwork on the current change (see also: git help everyday)\n   add               Add file contents to the index\n   mv                Move or rename a file, a directory, or a symlink\n   restore           Restore working tree files\n   rm                Remove files from the working tree and from the index\n   sparse-checkout   Initialize and modify the sparse-checkout\n\nexamine the history and state (see also: git help revisions)\n   bisect            Use binary search to find the commit that introduced a bug\n   diff              Show changes between commits, commit and working tree, etc\n   grep              Print lines matching a pattern\n   log               Show commit logs\n   show              Show various types of objects\n   status            Show the working tree status\n\ngrow, mark and tweak your common history\n   branch            List, create, or delete branches\n   commit            Record changes to the repository\n   merge             Join two or more development histories together\n   rebase            Reapply commits on top of another base tip\n   reset             Reset current HEAD to the specified state\n   switch            Switch branches\n   tag               Create, list, delete or verify a tag object signed with GPG\n\ncollaborate (see also: git help workflows)\n   fetch             Download objects and refs from another repository\n   pull              Fetch from and integrate with another repository or a local branch\n   push              Update remote refs along with associated objects\n\n'git help -a' and 'git help -g' list available subcommands and some\nconcept guides. See 'git help <command>' or 'git help <concept>'\nto read about a specific subcommand or concept.\nSee 'git help git' for an overview of the system.\n""
[0m09:19:01.600475 [debug] [MainThread]: STDERR: "b''"
[0m09:19:01.601688 [info ] [MainThread]:  - git [[32mOK found[0m]

[0m09:19:01.602973 [info ] [MainThread]: Connection test skipped since no profile was found
[0m09:19:01.604330 [info ] [MainThread]: [31m2 checks failed:[0m
[0m09:19:01.605422 [info ] [MainThread]: dbt looked for a profiles.yml file in /root/.dbt/profiles.yml, but did
not find one. For more information on configuring your profile, consult the
documentation:

https://docs.getdbt.com/docs/configure-your-profile


[0m09:19:01.606443 [info ] [MainThread]: Project loading failed for the following reason:
 project path </usr/app/dbt_project.yml> not found

[0m09:19:01.608077 [debug] [MainThread]: Resource report: {"command_name": "debug", "command_success": false, "command_wall_clock_time": 0.18348408, "process_in_blocks": "50720", "process_kernel_time": 0.369464, "process_mem_max_rss": "86864", "process_out_blocks": "1464", "process_user_time": 1.252073}
[0m09:19:01.609367 [debug] [MainThread]: Command `dbt debug` failed at 09:19:01.609213 after 0.18 seconds
[0m09:19:01.610515 [debug] [MainThread]: Sending event: {'category': 'dbt', 'action': 'invocation', 'label': 'end', 'context': [<snowplow_tracker.self_describing_json.SelfDescribingJson object at 0x7457f9629820>, <snowplow_tracker.self_describing_json.SelfDescribingJson object at 0x7457fc2bd940>, <snowplow_tracker.self_describing_json.SelfDescribingJson object at 0x7457f93a3020>]}
[0m09:19:01.611706 [debug] [MainThread]: Flushing usage events
[0m09:19:02.690178 [debug] [MainThread]: An error was encountered while trying to flush usage events
